#-----------------------------------------------------------
# Vivado v2020.1 (64-bit)
# SW Build 2902540 on Wed May 27 19:54:49 MDT 2020
# IP Build 2902112 on Wed May 27 22:43:36 MDT 2020
# Start of session at: Mon Mar 20 10:44:17 2023
# Process ID: 12580
# Current directory: C:/Users/EEuser/Downloads/project_1/project_1
# Command line: vivado.exe -gui_launcher_event rodinguilauncherevent7588 C:\Users\EEuser\Downloads\project_1\project_1\project_1.xpr
# Log file: C:/Users/EEuser/Downloads/project_1/project_1/vivado.log
# Journal file: C:/Users/EEuser/Downloads/project_1/project_1\vivado.jou
#-----------------------------------------------------------
start_gui
open_project C:/Users/EEuser/Downloads/project_1/project_1/project_1.xpr
INFO: [Project 1-313] Project file moved from 'C:/Users/EEuser/project_1' since last save.
CRITICAL WARNING: [Project 1-311] Could not find the file 'C:/Users/EEuser/Downloads/project_1/Downloads/alu.vhd', nor could it be found using path 'C:/Users/EEuser/Downloads/alu.vhd'.
WARNING: [Project 1-312] File not found as 'C:/Users/EEuser/Downloads/project_1/Downloads/zedboard_master_XDC_RevC_D_v3.xdc'; using path 'C:/Users/EEuser/Downloads/zedboard_master_XDC_RevC_D_v3.xdc' instead.
Scanning sources...
Finished scanning sources
WARNING: [Project 1-312] File not found as 'C:/Users/EEuser/Downloads/project_1/Downloads/zedboard_master_XDC_RevC_D_v3.xdc'; using path 'C:/Users/EEuser/Downloads/zedboard_master_XDC_RevC_D_v3.xdc' instead.
WARNING: [filemgmt 56-2] Default IP Output Path : Could not find the directory 'C:/Users/EEuser/Downloads/project_1/project_1/project_1.srcs/sources_1', nor could it be found using path 'C:/Users/EEuser/project_1/project_1.srcs/sources_1'.
INFO: [IP_Flow 19-234] Refreshing IP repositories
INFO: [IP_Flow 19-1704] No user IP repositories specified
INFO: [IP_Flow 19-2313] Loaded Vivado IP repository 'C:/Xilinx/Vivado/2020.1/data/ip'.
open_project: Time (s): cpu = 00:00:13 ; elapsed = 00:00:06 . Memory (MB): peak = 1259.031 ; gain = 186.781
update_compile_order -fileset sources_1
exit
INFO: [Common 17-206] Exiting Vivado at Mon Mar 20 10:45:40 2023...
