#-----------------------------------------------------------
# Vivado v2020.1 (64-bit)
# SW Build 2902540 on Wed May 27 19:54:49 MDT 2020
# IP Build 2902112 on Wed May 27 22:43:36 MDT 2020
# Start of session at: Mon Apr  3 10:06:56 2023
# Process ID: 2220
# Current directory: C:/Users/EEuser/Desktop/expr04
# Command line: vivado.exe -gui_launcher_event rodinguilauncherevent9688 C:\Users\EEuser\Desktop\expr04\expr04.xpr
# Log file: C:/Users/EEuser/Desktop/expr04/vivado.log
# Journal file: C:/Users/EEuser/Desktop/expr04\vivado.jou
#-----------------------------------------------------------
start_gui
open_project C:/Users/EEuser/Desktop/expr04/expr04.xpr
Scanning sources...
Finished scanning sources
INFO: [IP_Flow 19-234] Refreshing IP repositories
INFO: [IP_Flow 19-1704] No user IP repositories specified
INFO: [IP_Flow 19-2313] Loaded Vivado IP repository 'C:/Xilinx/Vivado/2020.1/data/ip'.
open_project: Time (s): cpu = 00:00:15 ; elapsed = 00:00:06 . Memory (MB): peak = 1071.605 ; gain = 0.000
update_compile_order -fileset sources_1
reset_run impl_1 -prev_step 
launch_runs impl_1 -to_step write_bitstream -jobs 4
[Mon Apr  3 10:07:28 2023] Launched impl_1...
Run output will be captured here: C:/Users/EEuser/Desktop/expr04/expr04.runs/impl_1/runme.log
exit
INFO: [Common 17-206] Exiting Vivado at Mon Apr  3 10:12:09 2023...
