C:\USERS\TSZCHUNG\DESKTOP\EE2331\ASSIGNMENT2\ASSIGNMENT2\ASSIGNMENT2\DEBUG\ASSIGNMENT_2.OBJ
C:\USERS\TSZCHUNG\DESKTOP\EE2331\ASSIGNMENT2\ASSIGNMENT2\ASSIGNMENT2\DEBUG\VC110.PDB
C:\USERS\TSZCHUNG\DESKTOP\EE2331\ASSIGNMENT2\ASSIGNMENT2\DEBUG\ASSIGNMENT2.ILK
C:\USERS\TSZCHUNG\DESKTOP\EE2331\ASSIGNMENT2\ASSIGNMENT2\DEBUG\ASSIGNMENT2.EXE
C:\USERS\TSZCHUNG\DESKTOP\EE2331\ASSIGNMENT2\ASSIGNMENT2\DEBUG\ASSIGNMENT2.PDB
C:\Users\TszChung\Desktop\EE2331\assignment2\Assignment2\Assignment2\Debug\assignment_2.obj
C:\Users\TszChung\Desktop\EE2331\assignment2\Assignment2\Assignment2\Debug\cl.command.1.tlog
C:\Users\TszChung\Desktop\EE2331\assignment2\Assignment2\Assignment2\Debug\CL.read.1.tlog
C:\Users\TszChung\Desktop\EE2331\assignment2\Assignment2\Assignment2\Debug\CL.write.1.tlog
C:\Users\TszChung\Desktop\EE2331\assignment2\Assignment2\Assignment2\Debug\link-cvtres.read.1.tlog
C:\Users\TszChung\Desktop\EE2331\assignment2\Assignment2\Assignment2\Debug\link-cvtres.write.1.tlog
C:\Users\TszChung\Desktop\EE2331\assignment2\Assignment2\Assignment2\Debug\link-rc.read.1.tlog
C:\Users\TszChung\Desktop\EE2331\assignment2\Assignment2\Assignment2\Debug\link-rc.write.1.tlog
C:\Users\TszChung\Desktop\EE2331\assignment2\Assignment2\Assignment2\Debug\link.command.1.tlog
C:\Users\TszChung\Desktop\EE2331\assignment2\Assignment2\Assignment2\Debug\link.read.1.tlog
C:\Users\TszChung\Desktop\EE2331\assignment2\Assignment2\Assignment2\Debug\link.write.1.tlog
C:\Users\TszChung\Desktop\EE2331\assignment2\Assignment2\Assignment2\Debug\vc110.idb
C:\Users\TszChung\Desktop\EE2331\assignment2\Assignment2\Assignment2\Debug\vc110.pdb
C:\Users\TszChung\Desktop\EE2331\assignment2\Assignment2\Debug\Assignment2.pdb
C:\Users\TszChung\Desktop\EE2331\assignment2\Assignment2\Debug\Assignment2.exe
C:\Users\TszChung\Desktop\EE2331\assignment2\Assignment2\Debug\Assignment2.ilk
