
*** Running vivado
    with args -log full_adder_4bits.vdi -applog -m64 -product Vivado -messageDb vivado.pb -mode batch -source full_adder_4bits.tcl -notrace



****** Vivado v2020.1 (64-bit)
  **** SW Build 2902540 on Wed May 27 19:54:49 MDT 2020
  **** IP Build 2902112 on Wed May 27 22:43:36 MDT 2020
    ** Copyright 1986-2020 Xilinx, Inc. All Rights Reserved.

source full_adder_4bits.tcl -notrace
Command: link_design -top full_adder_4bits -part xc7z020clg484-1
Design is defaulting to srcset: sources_1
Design is defaulting to constrset: constrs_1
INFO: [Device 21-403] Loading part xc7z020clg484-1
Netlist sorting complete. Time (s): cpu = 00:00:00 ; elapsed = 00:00:00 . Memory (MB): peak = 1071.594 ; gain = 0.000
INFO: [Project 1-479] Netlist was created with Vivado 2020.1
INFO: [Project 1-570] Preparing netlist for logic optimization
Parsing XDC File [C:/Users/EEuser/Downloads/zedboard.xdc]
WARNING: [Vivado 12-584] No ports matched 'AC_ADR0'. [C:/Users/EEuser/Downloads/zedboard.xdc:69]
CRITICAL WARNING: [Common 17-55] 'set_property' expects at least one object. [C:/Users/EEuser/Downloads/zedboard.xdc:69]
Resolution: If [get_<value>] was used to populate the object, check to make sure this command returns at least one valid object.
WARNING: [Vivado 12-584] No ports matched 'AC_ADR1'. [C:/Users/EEuser/Downloads/zedboard.xdc:70]
CRITICAL WARNING: [Common 17-55] 'set_property' expects at least one object. [C:/Users/EEuser/Downloads/zedboard.xdc:70]
Resolution: If [get_<value>] was used to populate the object, check to make sure this command returns at least one valid object.
WARNING: [Vivado 12-584] No ports matched 'AC_GPIO0'. [C:/Users/EEuser/Downloads/zedboard.xdc:71]
CRITICAL WARNING: [Common 17-55] 'set_property' expects at least one object. [C:/Users/EEuser/Downloads/zedboard.xdc:71]
Resolution: If [get_<value>] was used to populate the object, check to make sure this command returns at least one valid object.
WARNING: [Vivado 12-584] No ports matched 'AC_GPIO1'. [C:/Users/EEuser/Downloads/zedboard.xdc:72]
CRITICAL WARNING: [Common 17-55] 'set_property' expects at least one object. [C:/Users/EEuser/Downloads/zedboard.xdc:72]
Resolution: If [get_<value>] was used to populate the object, check to make sure this command returns at least one valid object.
WARNING: [Vivado 12-584] No ports matched 'AC_GPIO2'. [C:/Users/EEuser/Downloads/zedboard.xdc:73]
CRITICAL WARNING: [Common 17-55] 'set_property' expects at least one object. [C:/Users/EEuser/Downloads/zedboard.xdc:73]
Resolution: If [get_<value>] was used to populate the object, check to make sure this command returns at least one valid object.
WARNING: [Vivado 12-584] No ports matched 'AC_GPIO3'. [C:/Users/EEuser/Downloads/zedboard.xdc:74]
CRITICAL WARNING: [Common 17-55] 'set_property' expects at least one object. [C:/Users/EEuser/Downloads/zedboard.xdc:74]
Resolution: If [get_<value>] was used to populate the object, check to make sure this command returns at least one valid object.
WARNING: [Vivado 12-584] No ports matched 'AC_MCLK'. [C:/Users/EEuser/Downloads/zedboard.xdc:75]
CRITICAL WARNING: [Common 17-55] 'set_property' expects at least one object. [C:/Users/EEuser/Downloads/zedboard.xdc:75]
Resolution: If [get_<value>] was used to populate the object, check to make sure this command returns at least one valid object.
WARNING: [Vivado 12-584] No ports matched 'AC_SCK'. [C:/Users/EEuser/Downloads/zedboard.xdc:76]
CRITICAL WARNING: [Common 17-55] 'set_property' expects at least one object. [C:/Users/EEuser/Downloads/zedboard.xdc:76]
Resolution: If [get_<value>] was used to populate the object, check to make sure this command returns at least one valid object.
WARNING: [Vivado 12-584] No ports matched 'AC_SDA'. [C:/Users/EEuser/Downloads/zedboard.xdc:77]
CRITICAL WARNING: [Common 17-55] 'set_property' expects at least one object. [C:/Users/EEuser/Downloads/zedboard.xdc:77]
Resolution: If [get_<value>] was used to populate the object, check to make sure this command returns at least one valid object.
WARNING: [Vivado 12-584] No ports matched 'GCLK'. [C:/Users/EEuser/Downloads/zedboard.xdc:82]
CRITICAL WARNING: [Common 17-55] 'set_property' expects at least one object. [C:/Users/EEuser/Downloads/zedboard.xdc:82]
Resolution: If [get_<value>] was used to populate the object, check to make sure this command returns at least one valid object.
WARNING: [Vivado 12-584] No ports matched 'JA1'. [C:/Users/EEuser/Downloads/zedboard.xdc:87]
CRITICAL WARNING: [Common 17-55] 'set_property' expects at least one object. [C:/Users/EEuser/Downloads/zedboard.xdc:87]
Resolution: If [get_<value>] was used to populate the object, check to make sure this command returns at least one valid object.
WARNING: [Vivado 12-584] No ports matched 'JA10'. [C:/Users/EEuser/Downloads/zedboard.xdc:88]
CRITICAL WARNING: [Common 17-55] 'set_property' expects at least one object. [C:/Users/EEuser/Downloads/zedboard.xdc:88]
Resolution: If [get_<value>] was used to populate the object, check to make sure this command returns at least one valid object.
WARNING: [Vivado 12-584] No ports matched 'JA2'. [C:/Users/EEuser/Downloads/zedboard.xdc:89]
CRITICAL WARNING: [Common 17-55] 'set_property' expects at least one object. [C:/Users/EEuser/Downloads/zedboard.xdc:89]
Resolution: If [get_<value>] was used to populate the object, check to make sure this command returns at least one valid object.
WARNING: [Vivado 12-584] No ports matched 'JA3'. [C:/Users/EEuser/Downloads/zedboard.xdc:90]
CRITICAL WARNING: [Common 17-55] 'set_property' expects at least one object. [C:/Users/EEuser/Downloads/zedboard.xdc:90]
Resolution: If [get_<value>] was used to populate the object, check to make sure this command returns at least one valid object.
WARNING: [Vivado 12-584] No ports matched 'JA4'. [C:/Users/EEuser/Downloads/zedboard.xdc:91]
CRITICAL WARNING: [Common 17-55] 'set_property' expects at least one object. [C:/Users/EEuser/Downloads/zedboard.xdc:91]
Resolution: If [get_<value>] was used to populate the object, check to make sure this command returns at least one valid object.
WARNING: [Vivado 12-584] No ports matched 'JA7'. [C:/Users/EEuser/Downloads/zedboard.xdc:92]
CRITICAL WARNING: [Common 17-55] 'set_property' expects at least one object. [C:/Users/EEuser/Downloads/zedboard.xdc:92]
Resolution: If [get_<value>] was used to populate the object, check to make sure this command returns at least one valid object.
WARNING: [Vivado 12-584] No ports matched 'JA8'. [C:/Users/EEuser/Downloads/zedboard.xdc:93]
CRITICAL WARNING: [Common 17-55] 'set_property' expects at least one object. [C:/Users/EEuser/Downloads/zedboard.xdc:93]
Resolution: If [get_<value>] was used to populate the object, check to make sure this command returns at least one valid object.
WARNING: [Vivado 12-584] No ports matched 'JA9'. [C:/Users/EEuser/Downloads/zedboard.xdc:94]
CRITICAL WARNING: [Common 17-55] 'set_property' expects at least one object. [C:/Users/EEuser/Downloads/zedboard.xdc:94]
Resolution: If [get_<value>] was used to populate the object, check to make sure this command returns at least one valid object.
WARNING: [Vivado 12-584] No ports matched 'JB1'. [C:/Users/EEuser/Downloads/zedboard.xdc:100]
CRITICAL WARNING: [Common 17-55] 'set_property' expects at least one object. [C:/Users/EEuser/Downloads/zedboard.xdc:100]
Resolution: If [get_<value>] was used to populate the object, check to make sure this command returns at least one valid object.
WARNING: [Vivado 12-584] No ports matched 'JB10'. [C:/Users/EEuser/Downloads/zedboard.xdc:101]
CRITICAL WARNING: [Common 17-55] 'set_property' expects at least one object. [C:/Users/EEuser/Downloads/zedboard.xdc:101]
Resolution: If [get_<value>] was used to populate the object, check to make sure this command returns at least one valid object.
WARNING: [Vivado 12-584] No ports matched 'JB2'. [C:/Users/EEuser/Downloads/zedboard.xdc:102]
CRITICAL WARNING: [Common 17-55] 'set_property' expects at least one object. [C:/Users/EEuser/Downloads/zedboard.xdc:102]
Resolution: If [get_<value>] was used to populate the object, check to make sure this command returns at least one valid object.
WARNING: [Vivado 12-584] No ports matched 'JB3'. [C:/Users/EEuser/Downloads/zedboard.xdc:103]
CRITICAL WARNING: [Common 17-55] 'set_property' expects at least one object. [C:/Users/EEuser/Downloads/zedboard.xdc:103]
Resolution: If [get_<value>] was used to populate the object, check to make sure this command returns at least one valid object.
WARNING: [Vivado 12-584] No ports matched 'JB4'. [C:/Users/EEuser/Downloads/zedboard.xdc:104]
CRITICAL WARNING: [Common 17-55] 'set_property' expects at least one object. [C:/Users/EEuser/Downloads/zedboard.xdc:104]
Resolution: If [get_<value>] was used to populate the object, check to make sure this command returns at least one valid object.
WARNING: [Vivado 12-584] No ports matched 'JB7'. [C:/Users/EEuser/Downloads/zedboard.xdc:105]
CRITICAL WARNING: [Common 17-55] 'set_property' expects at least one object. [C:/Users/EEuser/Downloads/zedboard.xdc:105]
Resolution: If [get_<value>] was used to populate the object, check to make sure this command returns at least one valid object.
WARNING: [Vivado 12-584] No ports matched 'JB8'. [C:/Users/EEuser/Downloads/zedboard.xdc:106]
CRITICAL WARNING: [Common 17-55] 'set_property' expects at least one object. [C:/Users/EEuser/Downloads/zedboard.xdc:106]
Resolution: If [get_<value>] was used to populate the object, check to make sure this command returns at least one valid object.
WARNING: [Vivado 12-584] No ports matched 'JB9'. [C:/Users/EEuser/Downloads/zedboard.xdc:107]
CRITICAL WARNING: [Common 17-55] 'set_property' expects at least one object. [C:/Users/EEuser/Downloads/zedboard.xdc:107]
Resolution: If [get_<value>] was used to populate the object, check to make sure this command returns at least one valid object.
WARNING: [Vivado 12-584] No ports matched 'JC1_N'. [C:/Users/EEuser/Downloads/zedboard.xdc:112]
CRITICAL WARNING: [Common 17-55] 'set_property' expects at least one object. [C:/Users/EEuser/Downloads/zedboard.xdc:112]
Resolution: If [get_<value>] was used to populate the object, check to make sure this command returns at least one valid object.
WARNING: [Vivado 12-584] No ports matched 'JC1_P'. [C:/Users/EEuser/Downloads/zedboard.xdc:113]
CRITICAL WARNING: [Common 17-55] 'set_property' expects at least one object. [C:/Users/EEuser/Downloads/zedboard.xdc:113]
Resolution: If [get_<value>] was used to populate the object, check to make sure this command returns at least one valid object.
WARNING: [Vivado 12-584] No ports matched 'JC2_N'. [C:/Users/EEuser/Downloads/zedboard.xdc:114]
CRITICAL WARNING: [Common 17-55] 'set_property' expects at least one object. [C:/Users/EEuser/Downloads/zedboard.xdc:114]
Resolution: If [get_<value>] was used to populate the object, check to make sure this command returns at least one valid object.
WARNING: [Vivado 12-584] No ports matched 'JC2_P'. [C:/Users/EEuser/Downloads/zedboard.xdc:115]
CRITICAL WARNING: [Common 17-55] 'set_property' expects at least one object. [C:/Users/EEuser/Downloads/zedboard.xdc:115]
Resolution: If [get_<value>] was used to populate the object, check to make sure this command returns at least one valid object.
WARNING: [Vivado 12-584] No ports matched 'JC3_N'. [C:/Users/EEuser/Downloads/zedboard.xdc:116]
CRITICAL WARNING: [Common 17-55] 'set_property' expects at least one object. [C:/Users/EEuser/Downloads/zedboard.xdc:116]
Resolution: If [get_<value>] was used to populate the object, check to make sure this command returns at least one valid object.
WARNING: [Vivado 12-584] No ports matched 'JC3_P'. [C:/Users/EEuser/Downloads/zedboard.xdc:117]
CRITICAL WARNING: [Common 17-55] 'set_property' expects at least one object. [C:/Users/EEuser/Downloads/zedboard.xdc:117]
Resolution: If [get_<value>] was used to populate the object, check to make sure this command returns at least one valid object.
WARNING: [Vivado 12-584] No ports matched 'JC4_N'. [C:/Users/EEuser/Downloads/zedboard.xdc:118]
CRITICAL WARNING: [Common 17-55] 'set_property' expects at least one object. [C:/Users/EEuser/Downloads/zedboard.xdc:118]
Resolution: If [get_<value>] was used to populate the object, check to make sure this command returns at least one valid object.
WARNING: [Vivado 12-584] No ports matched 'JC4_P'. [C:/Users/EEuser/Downloads/zedboard.xdc:119]
CRITICAL WARNING: [Common 17-55] 'set_property' expects at least one object. [C:/Users/EEuser/Downloads/zedboard.xdc:119]
Resolution: If [get_<value>] was used to populate the object, check to make sure this command returns at least one valid object.
WARNING: [Vivado 12-584] No ports matched 'JD1_N'. [C:/Users/EEuser/Downloads/zedboard.xdc:124]
CRITICAL WARNING: [Common 17-55] 'set_property' expects at least one object. [C:/Users/EEuser/Downloads/zedboard.xdc:124]
Resolution: If [get_<value>] was used to populate the object, check to make sure this command returns at least one valid object.
WARNING: [Vivado 12-584] No ports matched 'JD1_P'. [C:/Users/EEuser/Downloads/zedboard.xdc:125]
CRITICAL WARNING: [Common 17-55] 'set_property' expects at least one object. [C:/Users/EEuser/Downloads/zedboard.xdc:125]
Resolution: If [get_<value>] was used to populate the object, check to make sure this command returns at least one valid object.
WARNING: [Vivado 12-584] No ports matched 'JD2_N'. [C:/Users/EEuser/Downloads/zedboard.xdc:126]
CRITICAL WARNING: [Common 17-55] 'set_property' expects at least one object. [C:/Users/EEuser/Downloads/zedboard.xdc:126]
Resolution: If [get_<value>] was used to populate the object, check to make sure this command returns at least one valid object.
WARNING: [Vivado 12-584] No ports matched 'JD2_P'. [C:/Users/EEuser/Downloads/zedboard.xdc:127]
CRITICAL WARNING: [Common 17-55] 'set_property' expects at least one object. [C:/Users/EEuser/Downloads/zedboard.xdc:127]
Resolution: If [get_<value>] was used to populate the object, check to make sure this command returns at least one valid object.
WARNING: [Vivado 12-584] No ports matched 'JD3_N'. [C:/Users/EEuser/Downloads/zedboard.xdc:128]
CRITICAL WARNING: [Common 17-55] 'set_property' expects at least one object. [C:/Users/EEuser/Downloads/zedboard.xdc:128]
Resolution: If [get_<value>] was used to populate the object, check to make sure this command returns at least one valid object.
WARNING: [Vivado 12-584] No ports matched 'JD3_P'. [C:/Users/EEuser/Downloads/zedboard.xdc:129]
CRITICAL WARNING: [Common 17-55] 'set_property' expects at least one object. [C:/Users/EEuser/Downloads/zedboard.xdc:129]
Resolution: If [get_<value>] was used to populate the object, check to make sure this command returns at least one valid object.
WARNING: [Vivado 12-584] No ports matched 'JD4_N'. [C:/Users/EEuser/Downloads/zedboard.xdc:130]
CRITICAL WARNING: [Common 17-55] 'set_property' expects at least one object. [C:/Users/EEuser/Downloads/zedboard.xdc:130]
Resolution: If [get_<value>] was used to populate the object, check to make sure this command returns at least one valid object.
WARNING: [Vivado 12-584] No ports matched 'JD4_P'. [C:/Users/EEuser/Downloads/zedboard.xdc:131]
CRITICAL WARNING: [Common 17-55] 'set_property' expects at least one object. [C:/Users/EEuser/Downloads/zedboard.xdc:131]
Resolution: If [get_<value>] was used to populate the object, check to make sure this command returns at least one valid object.
WARNING: [Vivado 12-584] No ports matched 'OLED_DC'. [C:/Users/EEuser/Downloads/zedboard.xdc:136]
CRITICAL WARNING: [Common 17-55] 'set_property' expects at least one object. [C:/Users/EEuser/Downloads/zedboard.xdc:136]
Resolution: If [get_<value>] was used to populate the object, check to make sure this command returns at least one valid object.
WARNING: [Vivado 12-584] No ports matched 'OLED_RES'. [C:/Users/EEuser/Downloads/zedboard.xdc:137]
CRITICAL WARNING: [Common 17-55] 'set_property' expects at least one object. [C:/Users/EEuser/Downloads/zedboard.xdc:137]
Resolution: If [get_<value>] was used to populate the object, check to make sure this command returns at least one valid object.
WARNING: [Vivado 12-584] No ports matched 'OLED_SCLK'. [C:/Users/EEuser/Downloads/zedboard.xdc:138]
CRITICAL WARNING: [Common 17-55] 'set_property' expects at least one object. [C:/Users/EEuser/Downloads/zedboard.xdc:138]
Resolution: If [get_<value>] was used to populate the object, check to make sure this command returns at least one valid object.
WARNING: [Vivado 12-584] No ports matched 'OLED_SDIN'. [C:/Users/EEuser/Downloads/zedboard.xdc:139]
CRITICAL WARNING: [Common 17-55] 'set_property' expects at least one object. [C:/Users/EEuser/Downloads/zedboard.xdc:139]
Resolution: If [get_<value>] was used to populate the object, check to make sure this command returns at least one valid object.
WARNING: [Vivado 12-584] No ports matched 'OLED_VBAT'. [C:/Users/EEuser/Downloads/zedboard.xdc:140]
CRITICAL WARNING: [Common 17-55] 'set_property' expects at least one object. [C:/Users/EEuser/Downloads/zedboard.xdc:140]
Resolution: If [get_<value>] was used to populate the object, check to make sure this command returns at least one valid object.
WARNING: [Vivado 12-584] No ports matched 'OLED_VDD'. [C:/Users/EEuser/Downloads/zedboard.xdc:141]
CRITICAL WARNING: [Common 17-55] 'set_property' expects at least one object. [C:/Users/EEuser/Downloads/zedboard.xdc:141]
Resolution: If [get_<value>] was used to populate the object, check to make sure this command returns at least one valid object.
WARNING: [Vivado 12-584] No ports matched 'HD_CLK'. [C:/Users/EEuser/Downloads/zedboard.xdc:146]
CRITICAL WARNING: [Common 17-55] 'set_property' expects at least one object. [C:/Users/EEuser/Downloads/zedboard.xdc:146]
Resolution: If [get_<value>] was used to populate the object, check to make sure this command returns at least one valid object.
WARNING: [Vivado 12-584] No ports matched 'HD_D0'. [C:/Users/EEuser/Downloads/zedboard.xdc:147]
CRITICAL WARNING: [Common 17-55] 'set_property' expects at least one object. [C:/Users/EEuser/Downloads/zedboard.xdc:147]
Resolution: If [get_<value>] was used to populate the object, check to make sure this command returns at least one valid object.
WARNING: [Vivado 12-584] No ports matched 'HD_D1'. [C:/Users/EEuser/Downloads/zedboard.xdc:148]
CRITICAL WARNING: [Common 17-55] 'set_property' expects at least one object. [C:/Users/EEuser/Downloads/zedboard.xdc:148]
Resolution: If [get_<value>] was used to populate the object, check to make sure this command returns at least one valid object.
WARNING: [Vivado 12-584] No ports matched 'HD_D10'. [C:/Users/EEuser/Downloads/zedboard.xdc:149]
CRITICAL WARNING: [Common 17-55] 'set_property' expects at least one object. [C:/Users/EEuser/Downloads/zedboard.xdc:149]
Resolution: If [get_<value>] was used to populate the object, check to make sure this command returns at least one valid object.
WARNING: [Vivado 12-584] No ports matched 'HD_D11'. [C:/Users/EEuser/Downloads/zedboard.xdc:150]
CRITICAL WARNING: [Common 17-55] 'set_property' expects at least one object. [C:/Users/EEuser/Downloads/zedboard.xdc:150]
Resolution: If [get_<value>] was used to populate the object, check to make sure this command returns at least one valid object.
WARNING: [Vivado 12-584] No ports matched 'HD_D12'. [C:/Users/EEuser/Downloads/zedboard.xdc:151]
CRITICAL WARNING: [Common 17-55] 'set_property' expects at least one object. [C:/Users/EEuser/Downloads/zedboard.xdc:151]
Resolution: If [get_<value>] was used to populate the object, check to make sure this command returns at least one valid object.
WARNING: [Vivado 12-584] No ports matched 'HD_D13'. [C:/Users/EEuser/Downloads/zedboard.xdc:152]
CRITICAL WARNING: [Common 17-55] 'set_property' expects at least one object. [C:/Users/EEuser/Downloads/zedboard.xdc:152]
Resolution: If [get_<value>] was used to populate the object, check to make sure this command returns at least one valid object.
WARNING: [Vivado 12-584] No ports matched 'HD_D14'. [C:/Users/EEuser/Downloads/zedboard.xdc:153]
CRITICAL WARNING: [Common 17-55] 'set_property' expects at least one object. [C:/Users/EEuser/Downloads/zedboard.xdc:153]
Resolution: If [get_<value>] was used to populate the object, check to make sure this command returns at least one valid object.
WARNING: [Vivado 12-584] No ports matched 'HS_D15'. [C:/Users/EEuser/Downloads/zedboard.xdc:154]
CRITICAL WARNING: [Common 17-55] 'set_property' expects at least one object. [C:/Users/EEuser/Downloads/zedboard.xdc:154]
Resolution: If [get_<value>] was used to populate the object, check to make sure this command returns at least one valid object.
WARNING: [Vivado 12-584] No ports matched 'HD_D2'. [C:/Users/EEuser/Downloads/zedboard.xdc:155]
CRITICAL WARNING: [Common 17-55] 'set_property' expects at least one object. [C:/Users/EEuser/Downloads/zedboard.xdc:155]
Resolution: If [get_<value>] was used to populate the object, check to make sure this command returns at least one valid object.
WARNING: [Vivado 12-584] No ports matched 'HD_D3'. [C:/Users/EEuser/Downloads/zedboard.xdc:156]
CRITICAL WARNING: [Common 17-55] 'set_property' expects at least one object. [C:/Users/EEuser/Downloads/zedboard.xdc:156]
Resolution: If [get_<value>] was used to populate the object, check to make sure this command returns at least one valid object.
WARNING: [Vivado 12-584] No ports matched 'HD_D4'. [C:/Users/EEuser/Downloads/zedboard.xdc:157]
CRITICAL WARNING: [Common 17-55] 'set_property' expects at least one object. [C:/Users/EEuser/Downloads/zedboard.xdc:157]
Resolution: If [get_<value>] was used to populate the object, check to make sure this command returns at least one valid object.
WARNING: [Vivado 12-584] No ports matched 'HD_D5'. [C:/Users/EEuser/Downloads/zedboard.xdc:158]
CRITICAL WARNING: [Common 17-55] 'set_property' expects at least one object. [C:/Users/EEuser/Downloads/zedboard.xdc:158]
Resolution: If [get_<value>] was used to populate the object, check to make sure this command returns at least one valid object.
WARNING: [Vivado 12-584] No ports matched 'HD_D6'. [C:/Users/EEuser/Downloads/zedboard.xdc:159]
CRITICAL WARNING: [Common 17-55] 'set_property' expects at least one object. [C:/Users/EEuser/Downloads/zedboard.xdc:159]
Resolution: If [get_<value>] was used to populate the object, check to make sure this command returns at least one valid object.
WARNING: [Vivado 12-584] No ports matched 'HD_D7'. [C:/Users/EEuser/Downloads/zedboard.xdc:160]
CRITICAL WARNING: [Common 17-55] 'set_property' expects at least one object. [C:/Users/EEuser/Downloads/zedboard.xdc:160]
Resolution: If [get_<value>] was used to populate the object, check to make sure this command returns at least one valid object.
WARNING: [Vivado 12-584] No ports matched 'HD_D8'. [C:/Users/EEuser/Downloads/zedboard.xdc:161]
CRITICAL WARNING: [Common 17-55] 'set_property' expects at least one object. [C:/Users/EEuser/Downloads/zedboard.xdc:161]
Resolution: If [get_<value>] was used to populate the object, check to make sure this command returns at least one valid object.
WARNING: [Vivado 12-584] No ports matched 'HD_D9'. [C:/Users/EEuser/Downloads/zedboard.xdc:162]
CRITICAL WARNING: [Common 17-55] 'set_property' expects at least one object. [C:/Users/EEuser/Downloads/zedboard.xdc:162]
Resolution: If [get_<value>] was used to populate the object, check to make sure this command returns at least one valid object.
WARNING: [Vivado 12-584] No ports matched 'HD_DE'. [C:/Users/EEuser/Downloads/zedboard.xdc:163]
CRITICAL WARNING: [Common 17-55] 'set_property' expects at least one object. [C:/Users/EEuser/Downloads/zedboard.xdc:163]
Resolution: If [get_<value>] was used to populate the object, check to make sure this command returns at least one valid object.
WARNING: [Vivado 12-584] No ports matched 'HD_HSYNC'. [C:/Users/EEuser/Downloads/zedboard.xdc:164]
CRITICAL WARNING: [Common 17-55] 'set_property' expects at least one object. [C:/Users/EEuser/Downloads/zedboard.xdc:164]
Resolution: If [get_<value>] was used to populate the object, check to make sure this command returns at least one valid object.
WARNING: [Vivado 12-584] No ports matched 'HD_INT'. [C:/Users/EEuser/Downloads/zedboard.xdc:165]
CRITICAL WARNING: [Common 17-55] 'set_property' expects at least one object. [C:/Users/EEuser/Downloads/zedboard.xdc:165]
Resolution: If [get_<value>] was used to populate the object, check to make sure this command returns at least one valid object.
WARNING: [Vivado 12-584] No ports matched 'HD_SCL'. [C:/Users/EEuser/Downloads/zedboard.xdc:166]
CRITICAL WARNING: [Common 17-55] 'set_property' expects at least one object. [C:/Users/EEuser/Downloads/zedboard.xdc:166]
Resolution: If [get_<value>] was used to populate the object, check to make sure this command returns at least one valid object.
WARNING: [Vivado 12-584] No ports matched 'HD_SDA'. [C:/Users/EEuser/Downloads/zedboard.xdc:167]
CRITICAL WARNING: [Common 17-55] 'set_property' expects at least one object. [C:/Users/EEuser/Downloads/zedboard.xdc:167]
Resolution: If [get_<value>] was used to populate the object, check to make sure this command returns at least one valid object.
WARNING: [Vivado 12-584] No ports matched 'HD_SPDIF'. [C:/Users/EEuser/Downloads/zedboard.xdc:168]
CRITICAL WARNING: [Common 17-55] 'set_property' expects at least one object. [C:/Users/EEuser/Downloads/zedboard.xdc:168]
Resolution: If [get_<value>] was used to populate the object, check to make sure this command returns at least one valid object.
WARNING: [Vivado 12-584] No ports matched 'HD_SPDIFO'. [C:/Users/EEuser/Downloads/zedboard.xdc:169]
CRITICAL WARNING: [Common 17-55] 'set_property' expects at least one object. [C:/Users/EEuser/Downloads/zedboard.xdc:169]
Resolution: If [get_<value>] was used to populate the object, check to make sure this command returns at least one valid object.
WARNING: [Vivado 12-584] No ports matched 'HD_VSYNC'. [C:/Users/EEuser/Downloads/zedboard.xdc:170]
CRITICAL WARNING: [Common 17-55] 'set_property' expects at least one object. [C:/Users/EEuser/Downloads/zedboard.xdc:170]
Resolution: If [get_<value>] was used to populate the object, check to make sure this command returns at least one valid object.
WARNING: [Vivado 12-584] No ports matched 'LD5'. [C:/Users/EEuser/Downloads/zedboard.xdc:180]
CRITICAL WARNING: [Common 17-55] 'set_property' expects at least one object. [C:/Users/EEuser/Downloads/zedboard.xdc:180]
Resolution: If [get_<value>] was used to populate the object, check to make sure this command returns at least one valid object.
WARNING: [Vivado 12-584] No ports matched 'LD6'. [C:/Users/EEuser/Downloads/zedboard.xdc:181]
CRITICAL WARNING: [Common 17-55] 'set_property' expects at least one object. [C:/Users/EEuser/Downloads/zedboard.xdc:181]
Resolution: If [get_<value>] was used to populate the object, check to make sure this command returns at least one valid object.
WARNING: [Vivado 12-584] No ports matched 'LD7'. [C:/Users/EEuser/Downloads/zedboard.xdc:182]
CRITICAL WARNING: [Common 17-55] 'set_property' expects at least one object. [C:/Users/EEuser/Downloads/zedboard.xdc:182]
Resolution: If [get_<value>] was used to populate the object, check to make sure this command returns at least one valid object.
WARNING: [Vivado 12-584] No ports matched 'VGA_B1'. [C:/Users/EEuser/Downloads/zedboard.xdc:187]
CRITICAL WARNING: [Common 17-55] 'set_property' expects at least one object. [C:/Users/EEuser/Downloads/zedboard.xdc:187]
Resolution: If [get_<value>] was used to populate the object, check to make sure this command returns at least one valid object.
WARNING: [Vivado 12-584] No ports matched 'VGA_B2'. [C:/Users/EEuser/Downloads/zedboard.xdc:188]
CRITICAL WARNING: [Common 17-55] 'set_property' expects at least one object. [C:/Users/EEuser/Downloads/zedboard.xdc:188]
Resolution: If [get_<value>] was used to populate the object, check to make sure this command returns at least one valid object.
WARNING: [Vivado 12-584] No ports matched 'VGA_B3'. [C:/Users/EEuser/Downloads/zedboard.xdc:189]
CRITICAL WARNING: [Common 17-55] 'set_property' expects at least one object. [C:/Users/EEuser/Downloads/zedboard.xdc:189]
Resolution: If [get_<value>] was used to populate the object, check to make sure this command returns at least one valid object.
WARNING: [Vivado 12-584] No ports matched 'VGA_B4'. [C:/Users/EEuser/Downloads/zedboard.xdc:190]
CRITICAL WARNING: [Common 17-55] 'set_property' expects at least one object. [C:/Users/EEuser/Downloads/zedboard.xdc:190]
Resolution: If [get_<value>] was used to populate the object, check to make sure this command returns at least one valid object.
WARNING: [Vivado 12-584] No ports matched 'VGA_G1'. [C:/Users/EEuser/Downloads/zedboard.xdc:191]
CRITICAL WARNING: [Common 17-55] 'set_property' expects at least one object. [C:/Users/EEuser/Downloads/zedboard.xdc:191]
Resolution: If [get_<value>] was used to populate the object, check to make sure this command returns at least one valid object.
WARNING: [Vivado 12-584] No ports matched 'VGA_G2'. [C:/Users/EEuser/Downloads/zedboard.xdc:192]
CRITICAL WARNING: [Common 17-55] 'set_property' expects at least one object. [C:/Users/EEuser/Downloads/zedboard.xdc:192]
Resolution: If [get_<value>] was used to populate the object, check to make sure this command returns at least one valid object.
WARNING: [Vivado 12-584] No ports matched 'VGA_G3'. [C:/Users/EEuser/Downloads/zedboard.xdc:193]
CRITICAL WARNING: [Common 17-55] 'set_property' expects at least one object. [C:/Users/EEuser/Downloads/zedboard.xdc:193]
Resolution: If [get_<value>] was used to populate the object, check to make sure this command returns at least one valid object.
WARNING: [Vivado 12-584] No ports matched 'VGA_G4'. [C:/Users/EEuser/Downloads/zedboard.xdc:194]
CRITICAL WARNING: [Common 17-55] 'set_property' expects at least one object. [C:/Users/EEuser/Downloads/zedboard.xdc:194]
Resolution: If [get_<value>] was used to populate the object, check to make sure this command returns at least one valid object.
WARNING: [Vivado 12-584] No ports matched 'VGA_HS'. [C:/Users/EEuser/Downloads/zedboard.xdc:195]
CRITICAL WARNING: [Common 17-55] 'set_property' expects at least one object. [C:/Users/EEuser/Downloads/zedboard.xdc:195]
Resolution: If [get_<value>] was used to populate the object, check to make sure this command returns at least one valid object.
WARNING: [Vivado 12-584] No ports matched 'VGA_R1'. [C:/Users/EEuser/Downloads/zedboard.xdc:196]
CRITICAL WARNING: [Common 17-55] 'set_property' expects at least one object. [C:/Users/EEuser/Downloads/zedboard.xdc:196]
Resolution: If [get_<value>] was used to populate the object, check to make sure this command returns at least one valid object.
WARNING: [Vivado 12-584] No ports matched 'VGA_R2'. [C:/Users/EEuser/Downloads/zedboard.xdc:197]
CRITICAL WARNING: [Common 17-55] 'set_property' expects at least one object. [C:/Users/EEuser/Downloads/zedboard.xdc:197]
Resolution: If [get_<value>] was used to populate the object, check to make sure this command returns at least one valid object.
WARNING: [Vivado 12-584] No ports matched 'VGA_R3'. [C:/Users/EEuser/Downloads/zedboard.xdc:198]
CRITICAL WARNING: [Common 17-55] 'set_property' expects at least one object. [C:/Users/EEuser/Downloads/zedboard.xdc:198]
Resolution: If [get_<value>] was used to populate the object, check to make sure this command returns at least one valid object.
WARNING: [Vivado 12-584] No ports matched 'VGA_R4'. [C:/Users/EEuser/Downloads/zedboard.xdc:199]
CRITICAL WARNING: [Common 17-55] 'set_property' expects at least one object. [C:/Users/EEuser/Downloads/zedboard.xdc:199]
Resolution: If [get_<value>] was used to populate the object, check to make sure this command returns at least one valid object.
WARNING: [Vivado 12-584] No ports matched 'VGA_VS'. [C:/Users/EEuser/Downloads/zedboard.xdc:200]
CRITICAL WARNING: [Common 17-55] 'set_property' expects at least one object. [C:/Users/EEuser/Downloads/zedboard.xdc:200]
Resolution: If [get_<value>] was used to populate the object, check to make sure this command returns at least one valid object.
WARNING: [Vivado 12-584] No ports matched 'BTNC'. [C:/Users/EEuser/Downloads/zedboard.xdc:205]
CRITICAL WARNING: [Common 17-55] 'set_property' expects at least one object. [C:/Users/EEuser/Downloads/zedboard.xdc:205]
Resolution: If [get_<value>] was used to populate the object, check to make sure this command returns at least one valid object.
WARNING: [Vivado 12-584] No ports matched 'BTND'. [C:/Users/EEuser/Downloads/zedboard.xdc:206]
CRITICAL WARNING: [Common 17-55] 'set_property' expects at least one object. [C:/Users/EEuser/Downloads/zedboard.xdc:206]
Resolution: If [get_<value>] was used to populate the object, check to make sure this command returns at least one valid object.
WARNING: [Vivado 12-584] No ports matched 'BTNR'. [C:/Users/EEuser/Downloads/zedboard.xdc:208]
CRITICAL WARNING: [Common 17-55] 'set_property' expects at least one object. [C:/Users/EEuser/Downloads/zedboard.xdc:208]
Resolution: If [get_<value>] was used to populate the object, check to make sure this command returns at least one valid object.
WARNING: [Vivado 12-584] No ports matched 'BTNU'. [C:/Users/EEuser/Downloads/zedboard.xdc:209]
CRITICAL WARNING: [Common 17-55] 'set_property' expects at least one object. [C:/Users/EEuser/Downloads/zedboard.xdc:209]
Resolution: If [get_<value>] was used to populate the object, check to make sure this command returns at least one valid object.
WARNING: [Vivado 12-584] No ports matched 'OTG_VBUSOC'. [C:/Users/EEuser/Downloads/zedboard.xdc:214]
CRITICAL WARNING: [Common 17-55] 'set_property' expects at least one object. [C:/Users/EEuser/Downloads/zedboard.xdc:214]
Resolution: If [get_<value>] was used to populate the object, check to make sure this command returns at least one valid object.
WARNING: [Vivado 12-584] No ports matched 'XADC_GIO0'. [C:/Users/EEuser/Downloads/zedboard.xdc:219]
CRITICAL WARNING: [Common 17-55] 'set_property' expects at least one object. [C:/Users/EEuser/Downloads/zedboard.xdc:219]
Resolution: If [get_<value>] was used to populate the object, check to make sure this command returns at least one valid object.
WARNING: [Vivado 12-584] No ports matched 'XADC_GIO1'. [C:/Users/EEuser/Downloads/zedboard.xdc:220]
CRITICAL WARNING: [Common 17-55] 'set_property' expects at least one object. [C:/Users/EEuser/Downloads/zedboard.xdc:220]
Resolution: If [get_<value>] was used to populate the object, check to make sure this command returns at least one valid object.
WARNING: [Vivado 12-584] No ports matched 'XADC_GIO2'. [C:/Users/EEuser/Downloads/zedboard.xdc:221]
CRITICAL WARNING: [Common 17-55] 'set_property' expects at least one object. [C:/Users/EEuser/Downloads/zedboard.xdc:221]
Resolution: If [get_<value>] was used to populate the object, check to make sure this command returns at least one valid object.
WARNING: [Vivado 12-584] No ports matched 'XADC_GIO3'. [C:/Users/EEuser/Downloads/zedboard.xdc:222]
CRITICAL WARNING: [Common 17-55] 'set_property' expects at least one object. [C:/Users/EEuser/Downloads/zedboard.xdc:222]
Resolution: If [get_<value>] was used to populate the object, check to make sure this command returns at least one valid object.
WARNING: [Vivado 12-584] No ports matched 'PUDC_B'. [C:/Users/EEuser/Downloads/zedboard.xdc:227]
INFO: [Common 17-14] Message 'Vivado 12-584' appears 100 times and further instances of the messages will be disabled. Use the Tcl command set_msg_config to change the current settings. [C:/Users/EEuser/Downloads/zedboard.xdc:227]
CRITICAL WARNING: [Common 17-55] 'set_property' expects at least one object. [C:/Users/EEuser/Downloads/zedboard.xdc:227]
Resolution: If [get_<value>] was used to populate the object, check to make sure this command returns at least one valid object.
INFO: [Common 17-14] Message 'Common 17-55' appears 100 times and further instances of the messages will be disabled. Use the Tcl command set_msg_config to change the current settings. [C:/Users/EEuser/Downloads/zedboard.xdc:227]
Finished Parsing XDC File [C:/Users/EEuser/Downloads/zedboard.xdc]
INFO: [Opt 31-138] Pushed 0 inverter(s) to 0 load pin(s).
Netlist sorting complete. Time (s): cpu = 00:00:00 ; elapsed = 00:00:00 . Memory (MB): peak = 1071.594 ; gain = 0.000
INFO: [Project 1-111] Unisim Transformation Summary:
No Unisim elements were transformed.

7 Infos, 100 Warnings, 100 Critical Warnings and 0 Errors encountered.
link_design completed successfully
link_design: Time (s): cpu = 00:00:07 ; elapsed = 00:00:10 . Memory (MB): peak = 1071.594 ; gain = 0.000
Command: opt_design
Attempting to get a license for feature 'Implementation' and/or device 'xc7z020'
INFO: [Common 17-349] Got license for feature 'Implementation' and/or device 'xc7z020'
Running DRC as a precondition to command opt_design

Starting DRC Task
INFO: [DRC 23-27] Running DRC with 2 threads
INFO: [Project 1-461] DRC finished with 0 Errors
INFO: [Project 1-462] Please refer to the DRC report (report_drc) for more information.

Time (s): cpu = 00:00:02 ; elapsed = 00:00:00.972 . Memory (MB): peak = 1071.594 ; gain = 0.000

Starting Cache Timing Information Task
INFO: [Timing 38-35] Done setting XDC timing constraints.
Ending Cache Timing Information Task | Checksum: 1be6462aa

Time (s): cpu = 00:00:08 ; elapsed = 00:00:09 . Memory (MB): peak = 1461.293 ; gain = 389.699

Starting Logic Optimization Task

Phase 1 Retarget
INFO: [Opt 31-138] Pushed 0 inverter(s) to 0 load pin(s).
INFO: [Opt 31-49] Retargeted 0 cell(s).
Phase 1 Retarget | Checksum: 1be6462aa

Time (s): cpu = 00:00:00 ; elapsed = 00:00:00.006 . Memory (MB): peak = 1662.664 ; gain = 0.000
INFO: [Opt 31-389] Phase Retarget created 0 cells and removed 0 cells

Phase 2 Constant propagation
INFO: [Opt 31-138] Pushed 0 inverter(s) to 0 load pin(s).
Phase 2 Constant propagation | Checksum: 1be6462aa

Time (s): cpu = 00:00:00 ; elapsed = 00:00:00.006 . Memory (MB): peak = 1662.664 ; gain = 0.000
INFO: [Opt 31-389] Phase Constant propagation created 0 cells and removed 0 cells

Phase 3 Sweep
Phase 3 Sweep | Checksum: 1be6462aa

Time (s): cpu = 00:00:00 ; elapsed = 00:00:00.007 . Memory (MB): peak = 1662.664 ; gain = 0.000
INFO: [Opt 31-389] Phase Sweep created 0 cells and removed 0 cells

Phase 4 BUFG optimization
Phase 4 BUFG optimization | Checksum: 1be6462aa

Time (s): cpu = 00:00:00 ; elapsed = 00:00:00.009 . Memory (MB): peak = 1662.664 ; gain = 0.000
INFO: [Opt 31-662] Phase BUFG optimization created 0 cells of which 0 are BUFGs and removed 0 cells.

Phase 5 Shift Register Optimization
INFO: [Opt 31-1064] SRL Remap converted 0 SRLs to 0 registers and converted 0 registers of register chains to 0 SRLs
Phase 5 Shift Register Optimization | Checksum: 1be6462aa

Time (s): cpu = 00:00:00 ; elapsed = 00:00:00.010 . Memory (MB): peak = 1662.664 ; gain = 0.000
INFO: [Opt 31-389] Phase Shift Register Optimization created 0 cells and removed 0 cells

Phase 6 Post Processing Netlist
Phase 6 Post Processing Netlist | Checksum: 1be6462aa

Time (s): cpu = 00:00:00 ; elapsed = 00:00:00.011 . Memory (MB): peak = 1662.664 ; gain = 0.000
INFO: [Opt 31-389] Phase Post Processing Netlist created 0 cells and removed 0 cells
Opt_design Change Summary
=========================


-------------------------------------------------------------------------------------------------------------------------
|  Phase                        |  #Cells created  |  #Cells Removed  |  #Constrained objects preventing optimizations  |
-------------------------------------------------------------------------------------------------------------------------
|  Retarget                     |               0  |               0  |                                              0  |
|  Constant propagation         |               0  |               0  |                                              0  |
|  Sweep                        |               0  |               0  |                                              0  |
|  BUFG optimization            |               0  |               0  |                                              0  |
|  Shift Register Optimization  |               0  |               0  |                                              0  |
|  Post Processing Netlist      |               0  |               0  |                                              0  |
-------------------------------------------------------------------------------------------------------------------------



Starting Connectivity Check Task

Time (s): cpu = 00:00:00 ; elapsed = 00:00:00.001 . Memory (MB): peak = 1662.664 ; gain = 0.000
Ending Logic Optimization Task | Checksum: 1be6462aa

Time (s): cpu = 00:00:00 ; elapsed = 00:00:00.013 . Memory (MB): peak = 1662.664 ; gain = 0.000

Starting Power Optimization Task
INFO: [Pwropt 34-132] Skipping clock gating for clocks with a period < 2.00 ns.
Ending Power Optimization Task | Checksum: 1be6462aa

Time (s): cpu = 00:00:00 ; elapsed = 00:00:00.009 . Memory (MB): peak = 1662.664 ; gain = 0.000

Starting Final Cleanup Task
Ending Final Cleanup Task | Checksum: 1be6462aa

Time (s): cpu = 00:00:00 ; elapsed = 00:00:00 . Memory (MB): peak = 1662.664 ; gain = 0.000

Starting Netlist Obfuscation Task
Netlist sorting complete. Time (s): cpu = 00:00:00 ; elapsed = 00:00:00 . Memory (MB): peak = 1662.664 ; gain = 0.000
Ending Netlist Obfuscation Task | Checksum: 1be6462aa

Time (s): cpu = 00:00:00 ; elapsed = 00:00:00 . Memory (MB): peak = 1662.664 ; gain = 0.000
INFO: [Common 17-83] Releasing license: Implementation
24 Infos, 100 Warnings, 100 Critical Warnings and 0 Errors encountered.
opt_design completed successfully
opt_design: Time (s): cpu = 00:00:12 ; elapsed = 00:00:12 . Memory (MB): peak = 1662.664 ; gain = 591.070
INFO: [Timing 38-480] Writing timing data to binary archive.
Writing placer database...
Writing XDEF routing.
Writing XDEF routing logical nets.
Writing XDEF routing special nets.
Write XDEF Complete: Time (s): cpu = 00:00:01 ; elapsed = 00:00:00.054 . Memory (MB): peak = 1662.664 ; gain = 0.000
INFO: [Common 17-1381] The checkpoint 'C:/Users/EEuser/Desktop/full_adder_1bit/full_adder_1bit.runs/impl_1/full_adder_4bits_opt.dcp' has been generated.
INFO: [runtcl-4] Executing : report_drc -file full_adder_4bits_drc_opted.rpt -pb full_adder_4bits_drc_opted.pb -rpx full_adder_4bits_drc_opted.rpx
Command: report_drc -file full_adder_4bits_drc_opted.rpt -pb full_adder_4bits_drc_opted.pb -rpx full_adder_4bits_drc_opted.rpx
INFO: [IP_Flow 19-234] Refreshing IP repositories
INFO: [IP_Flow 19-1704] No user IP repositories specified
INFO: [IP_Flow 19-2313] Loaded Vivado IP repository 'C:/Xilinx/Vivado/2020.1/data/ip'.
INFO: [DRC 23-27] Running DRC with 2 threads
INFO: [Coretcl 2-168] The results of DRC are in file C:/Users/EEuser/Desktop/full_adder_1bit/full_adder_1bit.runs/impl_1/full_adder_4bits_drc_opted.rpt.
report_drc completed successfully
Command: place_design
Attempting to get a license for feature 'Implementation' and/or device 'xc7z020'
INFO: [Common 17-349] Got license for feature 'Implementation' and/or device 'xc7z020'
INFO: [DRC 23-27] Running DRC with 2 threads
INFO: [Vivado_Tcl 4-198] DRC finished with 0 Errors
INFO: [Vivado_Tcl 4-199] Please refer to the DRC report (report_drc) for more information.
Running DRC as a precondition to command place_design
INFO: [DRC 23-27] Running DRC with 2 threads
INFO: [Vivado_Tcl 4-198] DRC finished with 0 Errors
INFO: [Vivado_Tcl 4-199] Please refer to the DRC report (report_drc) for more information.

Starting Placer Task
INFO: [Place 30-611] Multithreading enabled for place_design using a maximum of 2 CPUs

Phase 1 Placer Initialization

Phase 1.1 Placer Initialization Netlist Sorting
Netlist sorting complete. Time (s): cpu = 00:00:00 ; elapsed = 00:00:00 . Memory (MB): peak = 1662.664 ; gain = 0.000
Phase 1.1 Placer Initialization Netlist Sorting | Checksum: 1338084d5

Time (s): cpu = 00:00:00 ; elapsed = 00:00:00.006 . Memory (MB): peak = 1662.664 ; gain = 0.000
Netlist sorting complete. Time (s): cpu = 00:00:00 ; elapsed = 00:00:00 . Memory (MB): peak = 1662.664 ; gain = 0.000

Phase 1.2 IO Placement/ Clock Placement/ Build Placer Device
INFO: [Timing 38-35] Done setting XDC timing constraints.
Phase 1.2 IO Placement/ Clock Placement/ Build Placer Device | Checksum: 1338084d5

Time (s): cpu = 00:00:00 ; elapsed = 00:00:00.388 . Memory (MB): peak = 1666.445 ; gain = 3.781

Phase 1.3 Build Placer Netlist Model
Phase 1.3 Build Placer Netlist Model | Checksum: 1d02e42e0

Time (s): cpu = 00:00:00 ; elapsed = 00:00:00.403 . Memory (MB): peak = 1666.445 ; gain = 3.781

Phase 1.4 Constrain Clocks/Macros
Phase 1.4 Constrain Clocks/Macros | Checksum: 1d02e42e0

Time (s): cpu = 00:00:00 ; elapsed = 00:00:00.408 . Memory (MB): peak = 1666.445 ; gain = 3.781
Phase 1 Placer Initialization | Checksum: 1d02e42e0

Time (s): cpu = 00:00:00 ; elapsed = 00:00:00.413 . Memory (MB): peak = 1666.445 ; gain = 3.781

Phase 2 Global Placement

Phase 2.1 Floorplanning
Phase 2.1 Floorplanning | Checksum: 1d02e42e0

Time (s): cpu = 00:00:00 ; elapsed = 00:00:00.416 . Memory (MB): peak = 1666.445 ; gain = 3.781

Phase 2.2 Global Placement Core
WARNING: [Place 46-29] place_design is not in timing mode. Skip physical synthesis in placer
Phase 2.2 Global Placement Core | Checksum: 1f4e589f0

Time (s): cpu = 00:00:01 ; elapsed = 00:00:00.727 . Memory (MB): peak = 1669.141 ; gain = 6.477
Phase 2 Global Placement | Checksum: 1f4e589f0

Time (s): cpu = 00:00:01 ; elapsed = 00:00:00.732 . Memory (MB): peak = 1669.141 ; gain = 6.477

Phase 3 Detail Placement

Phase 3.1 Commit Multi Column Macros
Phase 3.1 Commit Multi Column Macros | Checksum: 1f4e589f0

Time (s): cpu = 00:00:01 ; elapsed = 00:00:00.735 . Memory (MB): peak = 1669.141 ; gain = 6.477

Phase 3.2 Commit Most Macros & LUTRAMs
Phase 3.2 Commit Most Macros & LUTRAMs | Checksum: 190256878

Time (s): cpu = 00:00:01 ; elapsed = 00:00:00.739 . Memory (MB): peak = 1669.141 ; gain = 6.477

Phase 3.3 Area Swap Optimization
Phase 3.3 Area Swap Optimization | Checksum: 1c434d6c0

Time (s): cpu = 00:00:01 ; elapsed = 00:00:00.747 . Memory (MB): peak = 1669.141 ; gain = 6.477

Phase 3.4 Pipeline Register Optimization
Phase 3.4 Pipeline Register Optimization | Checksum: 1c434d6c0

Time (s): cpu = 00:00:01 ; elapsed = 00:00:00.748 . Memory (MB): peak = 1669.141 ; gain = 6.477

Phase 3.5 Small Shape Detail Placement
Phase 3.5 Small Shape Detail Placement | Checksum: 24a57fd29

Time (s): cpu = 00:00:01 ; elapsed = 00:00:00.907 . Memory (MB): peak = 1671.746 ; gain = 9.082

Phase 3.6 Re-assign LUT pins
Phase 3.6 Re-assign LUT pins | Checksum: 24a57fd29

Time (s): cpu = 00:00:01 ; elapsed = 00:00:00.909 . Memory (MB): peak = 1671.746 ; gain = 9.082

Phase 3.7 Pipeline Register Optimization
Phase 3.7 Pipeline Register Optimization | Checksum: 24a57fd29

Time (s): cpu = 00:00:01 ; elapsed = 00:00:00.909 . Memory (MB): peak = 1671.746 ; gain = 9.082
Phase 3 Detail Placement | Checksum: 24a57fd29

Time (s): cpu = 00:00:01 ; elapsed = 00:00:00.910 . Memory (MB): peak = 1671.746 ; gain = 9.082

Phase 4 Post Placement Optimization and Clean-Up

Phase 4.1 Post Commit Optimization
Phase 4.1 Post Commit Optimization | Checksum: 24a57fd29

Time (s): cpu = 00:00:01 ; elapsed = 00:00:00.912 . Memory (MB): peak = 1671.746 ; gain = 9.082

Phase 4.2 Post Placement Cleanup
Phase 4.2 Post Placement Cleanup | Checksum: 24a57fd29

Time (s): cpu = 00:00:01 ; elapsed = 00:00:00.914 . Memory (MB): peak = 1671.746 ; gain = 9.082

Phase 4.3 Placer Reporting
Phase 4.3 Placer Reporting | Checksum: 24a57fd29

Time (s): cpu = 00:00:01 ; elapsed = 00:00:00.915 . Memory (MB): peak = 1671.746 ; gain = 9.082

Phase 4.4 Final Placement Cleanup
Netlist sorting complete. Time (s): cpu = 00:00:00 ; elapsed = 00:00:00 . Memory (MB): peak = 1671.746 ; gain = 0.000
Phase 4.4 Final Placement Cleanup | Checksum: 24a57fd29

Time (s): cpu = 00:00:01 ; elapsed = 00:00:00.915 . Memory (MB): peak = 1671.746 ; gain = 9.082
Phase 4 Post Placement Optimization and Clean-Up | Checksum: 24a57fd29

Time (s): cpu = 00:00:01 ; elapsed = 00:00:00.916 . Memory (MB): peak = 1671.746 ; gain = 9.082
Ending Placer Task | Checksum: 1dd4c5ba5

Time (s): cpu = 00:00:01 ; elapsed = 00:00:00.916 . Memory (MB): peak = 1671.746 ; gain = 9.082
INFO: [Common 17-83] Releasing license: Implementation
42 Infos, 101 Warnings, 100 Critical Warnings and 0 Errors encountered.
place_design completed successfully
INFO: [Timing 38-480] Writing timing data to binary archive.
Writing placer database...
Writing XDEF routing.
Writing XDEF routing logical nets.
Writing XDEF routing special nets.
Write XDEF Complete: Time (s): cpu = 00:00:00 ; elapsed = 00:00:00.054 . Memory (MB): peak = 1688.031 ; gain = 16.285
INFO: [Common 17-1381] The checkpoint 'C:/Users/EEuser/Desktop/full_adder_1bit/full_adder_1bit.runs/impl_1/full_adder_4bits_placed.dcp' has been generated.
INFO: [runtcl-4] Executing : report_io -file full_adder_4bits_io_placed.rpt
report_io: Time (s): cpu = 00:00:00 ; elapsed = 00:00:00.054 . Memory (MB): peak = 1688.031 ; gain = 0.000
INFO: [runtcl-4] Executing : report_utilization -file full_adder_4bits_utilization_placed.rpt -pb full_adder_4bits_utilization_placed.pb
INFO: [runtcl-4] Executing : report_control_sets -verbose -file full_adder_4bits_control_sets_placed.rpt
report_control_sets: Time (s): cpu = 00:00:00 ; elapsed = 00:00:00.001 . Memory (MB): peak = 1688.031 ; gain = 0.000
Command: phys_opt_design
Attempting to get a license for feature 'Implementation' and/or device 'xc7z020'
INFO: [Common 17-349] Got license for feature 'Implementation' and/or device 'xc7z020'
INFO: [Vivado_Tcl 4-235] No timing constraint found. The netlist was not modified.
INFO: [Common 17-83] Releasing license: Implementation
50 Infos, 101 Warnings, 100 Critical Warnings and 0 Errors encountered.
phys_opt_design completed successfully
INFO: [Timing 38-480] Writing timing data to binary archive.
Writing placer database...
Writing XDEF routing.
Writing XDEF routing logical nets.
Writing XDEF routing special nets.
Write XDEF Complete: Time (s): cpu = 00:00:01 ; elapsed = 00:00:00.054 . Memory (MB): peak = 1709.254 ; gain = 17.836
INFO: [Common 17-1381] The checkpoint 'C:/Users/EEuser/Desktop/full_adder_1bit/full_adder_1bit.runs/impl_1/full_adder_4bits_physopt.dcp' has been generated.
Command: route_design
Attempting to get a license for feature 'Implementation' and/or device 'xc7z020'
INFO: [Common 17-349] Got license for feature 'Implementation' and/or device 'xc7z020'
Running DRC as a precondition to command route_design
INFO: [DRC 23-27] Running DRC with 2 threads
INFO: [Vivado_Tcl 4-198] DRC finished with 0 Errors
INFO: [Vivado_Tcl 4-199] Please refer to the DRC report (report_drc) for more information.


Starting Routing Task
INFO: [Route 35-254] Multithreading enabled for route_design using a maximum of 2 CPUs
Checksum: PlaceDB: f144c8a1 ConstDB: 0 ShapeSum: ec079304 RouteDB: 0

Phase 1 Build RT Design
Phase 1 Build RT Design | Checksum: 7b196525

Time (s): cpu = 00:00:25 ; elapsed = 00:00:22 . Memory (MB): peak = 1815.492 ; gain = 97.074
Post Restoration Checksum: NetGraph: 4f98ae65 NumContArr: 2b80b6c0 Constraints: 0 Timing: 0

Phase 2 Router Initialization
INFO: [Route 35-64] No timing constraints were detected. The router will operate in resource-optimization mode.

Phase 2.1 Fix Topology Constraints
Phase 2.1 Fix Topology Constraints | Checksum: 7b196525

Time (s): cpu = 00:00:25 ; elapsed = 00:00:22 . Memory (MB): peak = 1821.520 ; gain = 103.102

Phase 2.2 Pre Route Cleanup
Phase 2.2 Pre Route Cleanup | Checksum: 7b196525

Time (s): cpu = 00:00:25 ; elapsed = 00:00:22 . Memory (MB): peak = 1821.520 ; gain = 103.102
 Number of Nodes with overlaps = 0
Phase 2 Router Initialization | Checksum: 58e7a0d1

Time (s): cpu = 00:00:25 ; elapsed = 00:00:22 . Memory (MB): peak = 1825.324 ; gain = 106.906

Router Utilization Summary
  Global Vertical Routing Utilization    = 0 %
  Global Horizontal Routing Utilization  = 0 %
  Routable Net Status*
  *Does not include unroutable nets such as driverless and loadless.
  Run report_route_status for detailed report.
  Number of Failed Nets               = 15
    (Failed Nets is the sum of unrouted and partially routed nets)
  Number of Unrouted Nets             = 15
  Number of Partially Routed Nets     = 0
  Number of Node Overlaps             = 0


Phase 3 Initial Routing
Phase 3 Initial Routing | Checksum: 18f537232

Time (s): cpu = 00:00:25 ; elapsed = 00:00:22 . Memory (MB): peak = 1828.145 ; gain = 109.727

Phase 4 Rip-up And Reroute

Phase 4.1 Global Iteration 0
 Number of Nodes with overlaps = 0
Phase 4.1 Global Iteration 0 | Checksum: 132c02750

Time (s): cpu = 00:00:25 ; elapsed = 00:00:22 . Memory (MB): peak = 1828.145 ; gain = 109.727
Phase 4 Rip-up And Reroute | Checksum: 132c02750

Time (s): cpu = 00:00:25 ; elapsed = 00:00:22 . Memory (MB): peak = 1828.145 ; gain = 109.727

Phase 5 Delay and Skew Optimization
Phase 5 Delay and Skew Optimization | Checksum: 132c02750

Time (s): cpu = 00:00:25 ; elapsed = 00:00:22 . Memory (MB): peak = 1828.145 ; gain = 109.727

Phase 6 Post Hold Fix

Phase 6.1 Hold Fix Iter
Phase 6.1 Hold Fix Iter | Checksum: 132c02750

Time (s): cpu = 00:00:25 ; elapsed = 00:00:22 . Memory (MB): peak = 1828.145 ; gain = 109.727
Phase 6 Post Hold Fix | Checksum: 132c02750

Time (s): cpu = 00:00:25 ; elapsed = 00:00:22 . Memory (MB): peak = 1828.145 ; gain = 109.727

Phase 7 Route finalize

Router Utilization Summary
  Global Vertical Routing Utilization    = 0.0212799 %
  Global Horizontal Routing Utilization  = 0.00329615 %
  Routable Net Status*
  *Does not include unroutable nets such as driverless and loadless.
  Run report_route_status for detailed report.
  Number of Failed Nets               = 0
    (Failed Nets is the sum of unrouted and partially routed nets)
  Number of Unrouted Nets             = 0
  Number of Partially Routed Nets     = 0
  Number of Node Overlaps             = 0

Congestion Report
North Dir 1x1 Area, Max Cong = 21.6216%, No Congested Regions.
South Dir 1x1 Area, Max Cong = 16.2162%, No Congested Regions.
East Dir 1x1 Area, Max Cong = 14.7059%, No Congested Regions.
West Dir 1x1 Area, Max Cong = 8.82353%, No Congested Regions.

------------------------------
Reporting congestion hotspots
------------------------------
Direction: North
----------------
Congested clusters found at Level 0
Effective congestion level: 0 Aspect Ratio: 1 Sparse Ratio: 0
Direction: South
----------------
Congested clusters found at Level 0
Effective congestion level: 0 Aspect Ratio: 1 Sparse Ratio: 0
Direction: East
----------------
Congested clusters found at Level 0
Effective congestion level: 0 Aspect Ratio: 1 Sparse Ratio: 0
Direction: West
----------------
Congested clusters found at Level 0
Effective congestion level: 0 Aspect Ratio: 1 Sparse Ratio: 0

Phase 7 Route finalize | Checksum: 132c02750

Time (s): cpu = 00:00:25 ; elapsed = 00:00:22 . Memory (MB): peak = 1828.145 ; gain = 109.727

Phase 8 Verifying routed nets

 Verification completed successfully
Phase 8 Verifying routed nets | Checksum: 132c02750

Time (s): cpu = 00:00:25 ; elapsed = 00:00:22 . Memory (MB): peak = 1830.164 ; gain = 111.746

Phase 9 Depositing Routes
Phase 9 Depositing Routes | Checksum: 1a574a631

Time (s): cpu = 00:00:25 ; elapsed = 00:00:22 . Memory (MB): peak = 1830.164 ; gain = 111.746
INFO: [Route 35-16] Router Completed Successfully

Time (s): cpu = 00:00:25 ; elapsed = 00:00:22 . Memory (MB): peak = 1830.164 ; gain = 111.746

Routing Is Done.
INFO: [Common 17-83] Releasing license: Implementation
60 Infos, 101 Warnings, 100 Critical Warnings and 0 Errors encountered.
route_design completed successfully
route_design: Time (s): cpu = 00:00:26 ; elapsed = 00:00:23 . Memory (MB): peak = 1830.164 ; gain = 120.910
INFO: [Timing 38-480] Writing timing data to binary archive.
Writing placer database...
Writing XDEF routing.
Writing XDEF routing logical nets.
Writing XDEF routing special nets.
Write XDEF Complete: Time (s): cpu = 00:00:00 ; elapsed = 00:00:00.065 . Memory (MB): peak = 1840.023 ; gain = 9.859
INFO: [Common 17-1381] The checkpoint 'C:/Users/EEuser/Desktop/full_adder_1bit/full_adder_1bit.runs/impl_1/full_adder_4bits_routed.dcp' has been generated.
INFO: [runtcl-4] Executing : report_drc -file full_adder_4bits_drc_routed.rpt -pb full_adder_4bits_drc_routed.pb -rpx full_adder_4bits_drc_routed.rpx
Command: report_drc -file full_adder_4bits_drc_routed.rpt -pb full_adder_4bits_drc_routed.pb -rpx full_adder_4bits_drc_routed.rpx
INFO: [IP_Flow 19-1839] IP Catalog is up to date.
INFO: [DRC 23-27] Running DRC with 2 threads
INFO: [Coretcl 2-168] The results of DRC are in file C:/Users/EEuser/Desktop/full_adder_1bit/full_adder_1bit.runs/impl_1/full_adder_4bits_drc_routed.rpt.
report_drc completed successfully
INFO: [runtcl-4] Executing : report_methodology -file full_adder_4bits_methodology_drc_routed.rpt -pb full_adder_4bits_methodology_drc_routed.pb -rpx full_adder_4bits_methodology_drc_routed.rpx
Command: report_methodology -file full_adder_4bits_methodology_drc_routed.rpt -pb full_adder_4bits_methodology_drc_routed.pb -rpx full_adder_4bits_methodology_drc_routed.rpx
INFO: [Timing 38-35] Done setting XDC timing constraints.
INFO: [DRC 23-133] Running Methodology with 2 threads
INFO: [Coretcl 2-1520] The results of Report Methodology are in file C:/Users/EEuser/Desktop/full_adder_1bit/full_adder_1bit.runs/impl_1/full_adder_4bits_methodology_drc_routed.rpt.
report_methodology completed successfully
INFO: [runtcl-4] Executing : report_power -file full_adder_4bits_power_routed.rpt -pb full_adder_4bits_power_summary_routed.pb -rpx full_adder_4bits_power_routed.rpx
Command: report_power -file full_adder_4bits_power_routed.rpt -pb full_adder_4bits_power_summary_routed.pb -rpx full_adder_4bits_power_routed.rpx
INFO: [Timing 38-35] Done setting XDC timing constraints.
WARNING: [Power 33-232] No user defined clocks were found in the design! Power estimation will be inaccurate until this is corrected.
Resolution: Please specify clocks using create_clock/create_generated_clock for sequential elements. For pure combinatorial circuits, please specify a virtual clock, otherwise the vectorless estimation might be inaccurate
Running Vector-less Activity Propagation...

Finished Running Vector-less Activity Propagation
72 Infos, 102 Warnings, 100 Critical Warnings and 0 Errors encountered.
report_power completed successfully
INFO: [runtcl-4] Executing : report_route_status -file full_adder_4bits_route_status.rpt -pb full_adder_4bits_route_status.pb
INFO: [runtcl-4] Executing : report_timing_summary -max_paths 10 -file full_adder_4bits_timing_summary_routed.rpt -pb full_adder_4bits_timing_summary_routed.pb -rpx full_adder_4bits_timing_summary_routed.rpx -warn_on_violation 
INFO: [Timing 38-91] UpdateTimingParams: Speed grade: -1, Delay Type: min_max.
INFO: [Timing 38-191] Multithreading enabled for timing update using a maximum of 2 CPUs
WARNING: [Timing 38-313] There are no user specified timing constraints. Timing constraints are needed for proper timing analysis.
INFO: [runtcl-4] Executing : report_incremental_reuse -file full_adder_4bits_incremental_reuse_routed.rpt
INFO: [Vivado_Tcl 4-1062] Incremental flow is disabled. No incremental reuse Info to report.
INFO: [runtcl-4] Executing : report_clock_utilization -file full_adder_4bits_clock_utilization_routed.rpt
INFO: [runtcl-4] Executing : report_bus_skew -warn_on_violation -file full_adder_4bits_bus_skew_routed.rpt -pb full_adder_4bits_bus_skew_routed.pb -rpx full_adder_4bits_bus_skew_routed.rpx
INFO: [Timing 38-91] UpdateTimingParams: Speed grade: -1, Delay Type: min_max.
INFO: [Timing 38-191] Multithreading enabled for timing update using a maximum of 2 CPUs
Command: write_bitstream -force full_adder_4bits.bit
Attempting to get a license for feature 'Implementation' and/or device 'xc7z020'
INFO: [Common 17-349] Got license for feature 'Implementation' and/or device 'xc7z020'
Running DRC as a precondition to command write_bitstream
INFO: [IP_Flow 19-1839] IP Catalog is up to date.
INFO: [DRC 23-27] Running DRC with 2 threads
WARNING: [DRC ZPS7-1] PS7 block required: The PS7 cell must be used in this Zynq design in order to enable correct default configuration.
INFO: [Vivado 12-3199] DRC finished with 0 Errors, 1 Warnings
INFO: [Vivado 12-3200] Please refer to the DRC report (report_drc) for more information.
INFO: [Designutils 20-2272] Running write_bitstream with 2 threads.
Loading data files...
Loading site data...
Loading route data...
Processing options...
Creating bitmap...
Creating bitstream...
Writing bitstream ./full_adder_4bits.bit...
INFO: [Vivado 12-1842] Bitgen Completed Successfully.
INFO: [Common 17-83] Releasing license: Implementation
90 Infos, 104 Warnings, 100 Critical Warnings and 0 Errors encountered.
write_bitstream completed successfully
write_bitstream: Time (s): cpu = 00:00:15 ; elapsed = 00:00:14 . Memory (MB): peak = 2296.852 ; gain = 420.648
INFO: [Common 17-206] Exiting Vivado at Mon Mar  6 11:26:45 2023...
